
=== Wed Oct 13 20:28:11 2021

Packages were changed.
Update Mode: updateDependencies

The following packages were added:
  com.unity.ide.visualstudio@2.0.11
The following packages were updated:
  com.unity.2d.animation from version 3.2.6 to 5.0.6
  com.unity.2d.pixel-perfect from version 2.1.0 to 4.0.1
  com.unity.2d.psdimporter from version 2.1.6 to 4.1.0
  com.unity.2d.spriteshape from version 3.0.14 to 5.1.4
  com.unity.ads from version 3.6.1 to 3.7.5
  com.unity.collab-proxy from version 1.2.16 to 1.11.2
  com.unity.ide.rider from version 1.1.4 to 2.0.7
  com.unity.ide.vscode from version 1.2.3 to 1.2.4
  com.unity.purchasing from version 2.2.1 to 3.2.2
  com.unity.test-framework from version 1.1.20 to 1.1.29
  com.unity.textmeshpro from version 2.1.1 to 3.0.6
  com.unity.timeline from version 1.2.17 to 1.4.8

=== Thu Oct 28 20:16:44 2021

Packages were changed.
Update Mode: updateDependencies

The following packages were updated:
  com.unity.collab-proxy from version 1.11.2 to 1.13.5
